{"name": "Adding single product to catalog", "status": "failed", "statusDetails": {"message": "AssertionError: No element in vision ('css selector', '#navigation')", "trace": "self = <page_objects.AdminPage.AdminPage object at 0x7f5817ecab60>, locator = ('css selector', '#navigation')\n\n    def element(self, locator: tuple):\n        try:\n            self.logger.debug(\"%s: Check if element %s is present\" % (self.class_name, str(locator)))\n>           return self.wait.until(EC.visibility_of_element_located(locator))\n\nlocator    = ('css selector', '#navigation')\nself       = <page_objects.AdminPage.AdminPage object at 0x7f5817ecab60>\n\npage_objects/BasePage.py:33: \n_ _ _ _ _ _ _ _ _ _ _ _ _ _ _ _ _ _ _ _ _ _ _ _ _ _ _ _ _ _ _ _ _ _ _ _ _ _ _ _ _ _ _ _ _ _ _ _ _ _ _ _ _ _ _ _ _ _ _ _ _ _ _ _ _ _ _ _ _ _ \n\nself = <selenium.webdriver.support.wait.WebDriverWait (session=\"819d366b0d929eee039a1e343ddeca48\")>\nmethod = <function visibility_of_element_located.<locals>._predicate at 0x7f5817ec39a0>, message = ''\n\n    def until(self, method, message: str = \"\"):\n        \"\"\"Calls the method provided with the driver as an argument until the \\\n        return value does not evaluate to ``False``.\n    \n        :param method: callable(WebDriver)\n        :param message: optional message for :exc:`TimeoutException`\n        :returns: the result of the last call to `method`\n        :raises: :exc:`selenium.common.exceptions.TimeoutException` if timeout occurs\n        \"\"\"\n        screen = None\n        stacktrace = None\n    \n        end_time = time.monotonic() + self._timeout\n        while True:\n            try:\n                value = method(self._driver)\n                if value:\n                    return value\n            except self._ignored_exceptions as exc:\n                screen = getattr(exc, \"screen\", None)\n                stacktrace = getattr(exc, \"stacktrace\", None)\n            time.sleep(self._poll)\n            if time.monotonic() > end_time:\n                break\n>       raise TimeoutException(message, screen, stacktrace)\nE       selenium.common.exceptions.TimeoutException: Message: \nE       Stacktrace:\nE       #0 0x564d653225e3 <unknown>\nE       #1 0x564d64fe50b7 <unknown>\nE       #2 0x564d65032f53 <unknown>\nE       #3 0x564d65033051 <unknown>\nE       #4 0x564d650789c4 <unknown>\nE       #5 0x564d65059f1d <unknown>\nE       #6 0x564d65075b3d <unknown>\nE       #7 0x564d65059cc3 <unknown>\nE       #8 0x564d650250e4 <unknown>\nE       #9 0x564d650260ae <unknown>\nE       #10 0x564d652e8ce1 <unknown>\nE       #11 0x564d652ecb7e <unknown>\nE       #12 0x564d652d64b5 <unknown>\nE       #13 0x564d652ed7d6 <unknown>\nE       #14 0x564d652b9dbf <unknown>\nE       #15 0x564d65310748 <unknown>\nE       #16 0x564d65310917 <unknown>\nE       #17 0x564d65321773 <unknown>\nE       #18 0x7f638947dac3 <unknown>\n\nend_time   = 20868.123957239\nmessage    = ''\nmethod     = <function visibility_of_element_located.<locals>._predicate at 0x7f5817ec39a0>\nscreen     = None\nself       = <selenium.webdriver.support.wait.WebDriverWait (session=\"819d366b0d929eee039a1e343ddeca48\")>\nstacktrace = ['#0 0x564d653225e3 <unknown>', '#1 0x564d64fe50b7 <unknown>', '#2 0x564d65032f53 <unknown>', '#3 0x564d65033051 <unknown>', '#4 0x564d650789c4 <unknown>', '#5 0x564d65059f1d <unknown>', ...]\n\n.env/lib/python3.10/site-packages/selenium/webdriver/support/wait.py:95: TimeoutException\n\nDuring handling of the above exception, another exception occurred:\n\ndriver = <selenium.webdriver.chrome.webdriver.WebDriver (session=\"819d366b0d929eee039a1e343ddeca48\")>\n\n    @allure.feature('Admin')\n    @allure.story('Add product to catalog')\n    @allure.title('Adding single product to catalog')\n    def test_new_product(driver):\n        driver.get(\"http:/localhost/administration/\")\n>       AdminPage(driver).login(\"user\", \"bitnami\")\n\ndriver     = <selenium.webdriver.chrome.webdriver.WebDriver (session=\"819d366b0d929eee039a1e343ddeca48\")>\n\ntests/test_selenium.py:74: \n_ _ _ _ _ _ _ _ _ _ _ _ _ _ _ _ _ _ _ _ _ _ _ _ _ _ _ _ _ _ _ _ _ _ _ _ _ _ _ _ _ _ _ _ _ _ _ _ _ _ _ _ _ _ _ _ _ _ _ _ _ _ _ _ _ _ _ _ _ _ \npage_objects/AdminPage.py:23: in login\n    self._input(self.element(self.NAVIGATION), username)\n        password   = 'bitnami'\n        self       = <page_objects.AdminPage.AdminPage object at 0x7f5817ecab60>\n        username   = 'user'\n_ _ _ _ _ _ _ _ _ _ _ _ _ _ _ _ _ _ _ _ _ _ _ _ _ _ _ _ _ _ _ _ _ _ _ _ _ _ _ _ _ _ _ _ _ _ _ _ _ _ _ _ _ _ _ _ _ _ _ _ _ _ _ _ _ _ _ _ _ _ \n\nself = <page_objects.AdminPage.AdminPage object at 0x7f5817ecab60>, locator = ('css selector', '#navigation')\n\n    def element(self, locator: tuple):\n        try:\n            self.logger.debug(\"%s: Check if element %s is present\" % (self.class_name, str(locator)))\n            return self.wait.until(EC.visibility_of_element_located(locator))\n        except TimeoutException:\n            allure.attach(\n                name=\"screenshot\",\n                body=self.driver.get_screenshot_as_png()\n            )\n>           raise AssertionError(f\"No element in vision {locator}\")\nE           AssertionError: No element in vision ('css selector', '#navigation')\n\nlocator    = ('css selector', '#navigation')\nself       = <page_objects.AdminPage.AdminPage object at 0x7f5817ecab60>\n\npage_objects/BasePage.py:39: AssertionError"}, "attachments": [{"name": "screenshot", "source": "b2a8433c-a068-40bf-8b08-1cbac55c7500-attachment.attach"}, {"name": "log", "source": "9aeab81f-7a6f-4753-9595-030f335d394f-attachment.txt", "type": "text/plain"}], "start": 1700829877556, "stop": 1700829881351, "uuid": "33dfa747-1104-4a75-8c65-1e6dfa670e98", "historyId": "a00dfe126e373d77f92524443870acff", "testCaseId": "a00dfe126e373d77f92524443870acff", "fullName": "tests.test_selenium#test_new_product", "labels": [{"name": "story", "value": "Add product to catalog"}, {"name": "feature", "value": "Admin"}, {"name": "parentSuite", "value": "tests"}, {"name": "suite", "value": "test_selenium"}, {"name": "host", "value": "VDNH-C1"}, {"name": "thread", "value": "22422-MainThread"}, {"name": "framework", "value": "pytest"}, {"name": "language", "value": "cpython3"}, {"name": "package", "value": "tests.test_selenium"}]}