{"uid":"836e5feab722388c","name":"Adding single product to catalog","fullName":"tests.test_selenium#test_new_product","historyId":"a00dfe126e373d77f92524443870acff","time":{"start":1700829877556,"stop":1700829881351,"duration":3795},"status":"failed","statusMessage":"AssertionError: No element in vision ('css selector', '#navigation')","statusTrace":"self = <page_objects.AdminPage.AdminPage object at 0x7f5817ecab60>, locator = ('css selector', '#navigation')\n\n    def element(self, locator: tuple):\n        try:\n            self.logger.debug(\"%s: Check if element %s is present\" % (self.class_name, str(locator)))\n>           return self.wait.until(EC.visibility_of_element_located(locator))\n\nlocator    = ('css selector', '#navigation')\nself       = <page_objects.AdminPage.AdminPage object at 0x7f5817ecab60>\n\npage_objects/BasePage.py:33: \n_ _ _ _ _ _ _ _ _ _ _ _ _ _ _ _ _ _ _ _ _ _ _ _ _ _ _ _ _ _ _ _ _ _ _ _ _ _ _ _ _ _ _ _ _ _ _ _ _ _ _ _ _ _ _ _ _ _ _ _ _ _ _ _ _ _ _ _ _ _ \n\nself = <selenium.webdriver.support.wait.WebDriverWait (session=\"819d366b0d929eee039a1e343ddeca48\")>\nmethod = <function visibility_of_element_located.<locals>._predicate at 0x7f5817ec39a0>, message = ''\n\n    def until(self, method, message: str = \"\"):\n        \"\"\"Calls the method provided with the driver as an argument until the \\\n        return value does not evaluate to ``False``.\n    \n        :param method: callable(WebDriver)\n        :param message: optional message for :exc:`TimeoutException`\n        :returns: the result of the last call to `method`\n        :raises: :exc:`selenium.common.exceptions.TimeoutException` if timeout occurs\n        \"\"\"\n        screen = None\n        stacktrace = None\n    \n        end_time = time.monotonic() + self._timeout\n        while True:\n            try:\n                value = method(self._driver)\n                if value:\n                    return value\n            except self._ignored_exceptions as exc:\n                screen = getattr(exc, \"screen\", None)\n                stacktrace = getattr(exc, \"stacktrace\", None)\n            time.sleep(self._poll)\n            if time.monotonic() > end_time:\n                break\n>       raise TimeoutException(message, screen, stacktrace)\nE       selenium.common.exceptions.TimeoutException: Message: \nE       Stacktrace:\nE       #0 0x564d653225e3 <unknown>\nE       #1 0x564d64fe50b7 <unknown>\nE       #2 0x564d65032f53 <unknown>\nE       #3 0x564d65033051 <unknown>\nE       #4 0x564d650789c4 <unknown>\nE       #5 0x564d65059f1d <unknown>\nE       #6 0x564d65075b3d <unknown>\nE       #7 0x564d65059cc3 <unknown>\nE       #8 0x564d650250e4 <unknown>\nE       #9 0x564d650260ae <unknown>\nE       #10 0x564d652e8ce1 <unknown>\nE       #11 0x564d652ecb7e <unknown>\nE       #12 0x564d652d64b5 <unknown>\nE       #13 0x564d652ed7d6 <unknown>\nE       #14 0x564d652b9dbf <unknown>\nE       #15 0x564d65310748 <unknown>\nE       #16 0x564d65310917 <unknown>\nE       #17 0x564d65321773 <unknown>\nE       #18 0x7f638947dac3 <unknown>\n\nend_time   = 20868.123957239\nmessage    = ''\nmethod     = <function visibility_of_element_located.<locals>._predicate at 0x7f5817ec39a0>\nscreen     = None\nself       = <selenium.webdriver.support.wait.WebDriverWait (session=\"819d366b0d929eee039a1e343ddeca48\")>\nstacktrace = ['#0 0x564d653225e3 <unknown>', '#1 0x564d64fe50b7 <unknown>', '#2 0x564d65032f53 <unknown>', '#3 0x564d65033051 <unknown>', '#4 0x564d650789c4 <unknown>', '#5 0x564d65059f1d <unknown>', ...]\n\n.env/lib/python3.10/site-packages/selenium/webdriver/support/wait.py:95: TimeoutException\n\nDuring handling of the above exception, another exception occurred:\n\ndriver = <selenium.webdriver.chrome.webdriver.WebDriver (session=\"819d366b0d929eee039a1e343ddeca48\")>\n\n    @allure.feature('Admin')\n    @allure.story('Add product to catalog')\n    @allure.title('Adding single product to catalog')\n    def test_new_product(driver):\n        driver.get(\"http:/localhost/administration/\")\n>       AdminPage(driver).login(\"user\", \"bitnami\")\n\ndriver     = <selenium.webdriver.chrome.webdriver.WebDriver (session=\"819d366b0d929eee039a1e343ddeca48\")>\n\ntests/test_selenium.py:74: \n_ _ _ _ _ _ _ _ _ _ _ _ _ _ _ _ _ _ _ _ _ _ _ _ _ _ _ _ _ _ _ _ _ _ _ _ _ _ _ _ _ _ _ _ _ _ _ _ _ _ _ _ _ _ _ _ _ _ _ _ _ _ _ _ _ _ _ _ _ _ \npage_objects/AdminPage.py:23: in login\n    self._input(self.element(self.NAVIGATION), username)\n        password   = 'bitnami'\n        self       = <page_objects.AdminPage.AdminPage object at 0x7f5817ecab60>\n        username   = 'user'\n_ _ _ _ _ _ _ _ _ _ _ _ _ _ _ _ _ _ _ _ _ _ _ _ _ _ _ _ _ _ _ _ _ _ _ _ _ _ _ _ _ _ _ _ _ _ _ _ _ _ _ _ _ _ _ _ _ _ _ _ _ _ _ _ _ _ _ _ _ _ \n\nself = <page_objects.AdminPage.AdminPage object at 0x7f5817ecab60>, locator = ('css selector', '#navigation')\n\n    def element(self, locator: tuple):\n        try:\n            self.logger.debug(\"%s: Check if element %s is present\" % (self.class_name, str(locator)))\n            return self.wait.until(EC.visibility_of_element_located(locator))\n        except TimeoutException:\n            allure.attach(\n                name=\"screenshot\",\n                body=self.driver.get_screenshot_as_png()\n            )\n>           raise AssertionError(f\"No element in vision {locator}\")\nE           AssertionError: No element in vision ('css selector', '#navigation')\n\nlocator    = ('css selector', '#navigation')\nself       = <page_objects.AdminPage.AdminPage object at 0x7f5817ecab60>\n\npage_objects/BasePage.py:39: AssertionError","flaky":false,"newFailed":false,"newBroken":false,"newPassed":false,"retriesCount":7,"retriesStatusChange":true,"beforeStages":[{"name":"driver","time":{"start":1700829875361,"stop":1700829877556,"duration":2195},"status":"passed","steps":[],"attachments":[{"uid":"f04296448027b3b7","name":"819d366b0d929eee039a1e343ddeca48","source":"f04296448027b3b7.json","type":"application/json","size":822}],"parameters":[],"shouldDisplayMessage":false,"stepsCount":0,"attachmentsCount":1,"hasContent":true,"attachmentStep":false}],"testStage":{"status":"failed","statusMessage":"AssertionError: No element in vision ('css selector', '#navigation')","statusTrace":"self = <page_objects.AdminPage.AdminPage object at 0x7f5817ecab60>, locator = ('css selector', '#navigation')\n\n    def element(self, locator: tuple):\n        try:\n            self.logger.debug(\"%s: Check if element %s is present\" % (self.class_name, str(locator)))\n>           return self.wait.until(EC.visibility_of_element_located(locator))\n\nlocator    = ('css selector', '#navigation')\nself       = <page_objects.AdminPage.AdminPage object at 0x7f5817ecab60>\n\npage_objects/BasePage.py:33: \n_ _ _ _ _ _ _ _ _ _ _ _ _ _ _ _ _ _ _ _ _ _ _ _ _ _ _ _ _ _ _ _ _ _ _ _ _ _ _ _ _ _ _ _ _ _ _ _ _ _ _ _ _ _ _ _ _ _ _ _ _ _ _ _ _ _ _ _ _ _ \n\nself = <selenium.webdriver.support.wait.WebDriverWait (session=\"819d366b0d929eee039a1e343ddeca48\")>\nmethod = <function visibility_of_element_located.<locals>._predicate at 0x7f5817ec39a0>, message = ''\n\n    def until(self, method, message: str = \"\"):\n        \"\"\"Calls the method provided with the driver as an argument until the \\\n        return value does not evaluate to ``False``.\n    \n        :param method: callable(WebDriver)\n        :param message: optional message for :exc:`TimeoutException`\n        :returns: the result of the last call to `method`\n        :raises: :exc:`selenium.common.exceptions.TimeoutException` if timeout occurs\n        \"\"\"\n        screen = None\n        stacktrace = None\n    \n        end_time = time.monotonic() + self._timeout\n        while True:\n            try:\n                value = method(self._driver)\n                if value:\n                    return value\n            except self._ignored_exceptions as exc:\n                screen = getattr(exc, \"screen\", None)\n                stacktrace = getattr(exc, \"stacktrace\", None)\n            time.sleep(self._poll)\n            if time.monotonic() > end_time:\n                break\n>       raise TimeoutException(message, screen, stacktrace)\nE       selenium.common.exceptions.TimeoutException: Message: \nE       Stacktrace:\nE       #0 0x564d653225e3 <unknown>\nE       #1 0x564d64fe50b7 <unknown>\nE       #2 0x564d65032f53 <unknown>\nE       #3 0x564d65033051 <unknown>\nE       #4 0x564d650789c4 <unknown>\nE       #5 0x564d65059f1d <unknown>\nE       #6 0x564d65075b3d <unknown>\nE       #7 0x564d65059cc3 <unknown>\nE       #8 0x564d650250e4 <unknown>\nE       #9 0x564d650260ae <unknown>\nE       #10 0x564d652e8ce1 <unknown>\nE       #11 0x564d652ecb7e <unknown>\nE       #12 0x564d652d64b5 <unknown>\nE       #13 0x564d652ed7d6 <unknown>\nE       #14 0x564d652b9dbf <unknown>\nE       #15 0x564d65310748 <unknown>\nE       #16 0x564d65310917 <unknown>\nE       #17 0x564d65321773 <unknown>\nE       #18 0x7f638947dac3 <unknown>\n\nend_time   = 20868.123957239\nmessage    = ''\nmethod     = <function visibility_of_element_located.<locals>._predicate at 0x7f5817ec39a0>\nscreen     = None\nself       = <selenium.webdriver.support.wait.WebDriverWait (session=\"819d366b0d929eee039a1e343ddeca48\")>\nstacktrace = ['#0 0x564d653225e3 <unknown>', '#1 0x564d64fe50b7 <unknown>', '#2 0x564d65032f53 <unknown>', '#3 0x564d65033051 <unknown>', '#4 0x564d650789c4 <unknown>', '#5 0x564d65059f1d <unknown>', ...]\n\n.env/lib/python3.10/site-packages/selenium/webdriver/support/wait.py:95: TimeoutException\n\nDuring handling of the above exception, another exception occurred:\n\ndriver = <selenium.webdriver.chrome.webdriver.WebDriver (session=\"819d366b0d929eee039a1e343ddeca48\")>\n\n    @allure.feature('Admin')\n    @allure.story('Add product to catalog')\n    @allure.title('Adding single product to catalog')\n    def test_new_product(driver):\n        driver.get(\"http:/localhost/administration/\")\n>       AdminPage(driver).login(\"user\", \"bitnami\")\n\ndriver     = <selenium.webdriver.chrome.webdriver.WebDriver (session=\"819d366b0d929eee039a1e343ddeca48\")>\n\ntests/test_selenium.py:74: \n_ _ _ _ _ _ _ _ _ _ _ _ _ _ _ _ _ _ _ _ _ _ _ _ _ _ _ _ _ _ _ _ _ _ _ _ _ _ _ _ _ _ _ _ _ _ _ _ _ _ _ _ _ _ _ _ _ _ _ _ _ _ _ _ _ _ _ _ _ _ \npage_objects/AdminPage.py:23: in login\n    self._input(self.element(self.NAVIGATION), username)\n        password   = 'bitnami'\n        self       = <page_objects.AdminPage.AdminPage object at 0x7f5817ecab60>\n        username   = 'user'\n_ _ _ _ _ _ _ _ _ _ _ _ _ _ _ _ _ _ _ _ _ _ _ _ _ _ _ _ _ _ _ _ _ _ _ _ _ _ _ _ _ _ _ _ _ _ _ _ _ _ _ _ _ _ _ _ _ _ _ _ _ _ _ _ _ _ _ _ _ _ \n\nself = <page_objects.AdminPage.AdminPage object at 0x7f5817ecab60>, locator = ('css selector', '#navigation')\n\n    def element(self, locator: tuple):\n        try:\n            self.logger.debug(\"%s: Check if element %s is present\" % (self.class_name, str(locator)))\n            return self.wait.until(EC.visibility_of_element_located(locator))\n        except TimeoutException:\n            allure.attach(\n                name=\"screenshot\",\n                body=self.driver.get_screenshot_as_png()\n            )\n>           raise AssertionError(f\"No element in vision {locator}\")\nE           AssertionError: No element in vision ('css selector', '#navigation')\n\nlocator    = ('css selector', '#navigation')\nself       = <page_objects.AdminPage.AdminPage object at 0x7f5817ecab60>\n\npage_objects/BasePage.py:39: AssertionError","steps":[],"attachments":[{"uid":"d61b3801330bc521","name":"screenshot","source":"d61b3801330bc521.attach","type":"image/png","size":29711},{"uid":"6f6fc7b959a86b4f","name":"log","source":"6f6fc7b959a86b4f.txt","type":"text/plain","size":457}],"parameters":[],"shouldDisplayMessage":true,"stepsCount":0,"attachmentsCount":2,"hasContent":true,"attachmentStep":false},"afterStages":[{"name":"driver::fin","time":{"start":1700829881594,"stop":1700829881670,"duration":76},"status":"passed","steps":[],"attachments":[],"parameters":[],"shouldDisplayMessage":false,"stepsCount":0,"attachmentsCount":0,"hasContent":false,"attachmentStep":false}],"labels":[{"name":"story","value":"Add product to catalog"},{"name":"feature","value":"Admin"},{"name":"parentSuite","value":"tests"},{"name":"suite","value":"test_selenium"},{"name":"host","value":"VDNH-C1"},{"name":"thread","value":"22422-MainThread"},{"name":"framework","value":"pytest"},{"name":"language","value":"cpython3"},{"name":"package","value":"tests.test_selenium"},{"name":"resultFormat","value":"allure2"}],"parameters":[],"links":[],"hidden":false,"retry":false,"extra":{"severity":"normal","retries":[{"uid":"8813208236894d11","status":"broken","statusDetails":"selenium.common.exceptions.NoSuchElementException: Message: no such element: Unable to locate element: {\"method\":\"css selector\",\"selector\":\".alert-success\"}\n  (Session info: chrome=119.0.6045.159); For documentation on this error, please visit: https://www.selenium.dev/documentation/webdriver/troubleshooting/errors#no-such-element-exception\nStacktrace:\n#0 0x5598cbe0f5e3 <unknown>\n#1 0x5598cbad20b7 <unknown>\n#2 0x5598cbb1ff53 <unknown>\n#3 0x5598cbb20051 <unknown>\n#4 0x5598cbb659c4 <unknown>\n#5 0x5598cbb46f1d <unknown>\n#6 0x5598cbb62b3d <unknown>\n#7 0x5598cbb46cc3 <unknown>\n#8 0x5598cbb120e4 <unknown>\n#9 0x5598cbb130ae <unknown>\n#10 0x5598cbdd5ce1 <unknown>\n#11 0x5598cbdd9b7e <unknown>\n#12 0x5598cbdc34b5 <unknown>\n#13 0x5598cbdda7d6 <unknown>\n#14 0x5598cbda6dbf <unknown>\n#15 0x5598cbdfd748 <unknown>\n#16 0x5598cbdfd917 <unknown>\n#17 0x5598cbe0e773 <unknown>\n#18 0x7f6b74236ac3 <unknown>","time":{"start":1700828750819,"stop":1700828759905,"duration":9086}},{"uid":"401f930c2a821520","status":"broken","statusDetails":"selenium.common.exceptions.NoSuchElementException: Message: no such element: Unable to locate element: {\"method\":\"css selector\",\"selector\":\".alert-success\"}\n  (Session info: chrome=119.0.6045.159); For documentation on this error, please visit: https://www.selenium.dev/documentation/webdriver/troubleshooting/errors#no-such-element-exception\nStacktrace:\n#0 0x55e58f3c35e3 <unknown>\n#1 0x55e58f0860b7 <unknown>\n#2 0x55e58f0d3f53 <unknown>\n#3 0x55e58f0d4051 <unknown>\n#4 0x55e58f1199c4 <unknown>\n#5 0x55e58f0faf1d <unknown>\n#6 0x55e58f116b3d <unknown>\n#7 0x55e58f0facc3 <unknown>\n#8 0x55e58f0c60e4 <unknown>\n#9 0x55e58f0c70ae <unknown>\n#10 0x55e58f389ce1 <unknown>\n#11 0x55e58f38db7e <unknown>\n#12 0x55e58f3774b5 <unknown>\n#13 0x55e58f38e7d6 <unknown>\n#14 0x55e58f35adbf <unknown>\n#15 0x55e58f3b1748 <unknown>\n#16 0x55e58f3b1917 <unknown>\n#17 0x55e58f3c2773 <unknown>\n#18 0x7f2d01b7dac3 <unknown>","time":{"start":1700828131729,"stop":1700828140589,"duration":8860}},{"uid":"5092f1af3633c76c","status":"broken","statusDetails":"selenium.common.exceptions.NoSuchElementException: Message: no such element: Unable to locate element: {\"method\":\"css selector\",\"selector\":\".alert-success\"}\n  (Session info: chrome=119.0.6045.159); For documentation on this error, please visit: https://www.selenium.dev/documentation/webdriver/troubleshooting/errors#no-such-element-exception\nStacktrace:\n#0 0x5596dea2a5e3 <unknown>\n#1 0x5596de6ed0b7 <unknown>\n#2 0x5596de73af53 <unknown>\n#3 0x5596de73b051 <unknown>\n#4 0x5596de7809c4 <unknown>\n#5 0x5596de761f1d <unknown>\n#6 0x5596de77db3d <unknown>\n#7 0x5596de761cc3 <unknown>\n#8 0x5596de72d0e4 <unknown>\n#9 0x5596de72e0ae <unknown>\n#10 0x5596de9f0ce1 <unknown>\n#11 0x5596de9f4b7e <unknown>\n#12 0x5596de9de4b5 <unknown>\n#13 0x5596de9f57d6 <unknown>\n#14 0x5596de9c1dbf <unknown>\n#15 0x5596dea18748 <unknown>\n#16 0x5596dea18917 <unknown>\n#17 0x5596dea29773 <unknown>\n#18 0x7f6262382ac3 <unknown>","time":{"start":1700827817602,"stop":1700827826546,"duration":8944}},{"uid":"42d5ed6e322878eb","status":"broken","statusDetails":"selenium.common.exceptions.NoSuchElementException: Message: no such element: Unable to locate element: {\"method\":\"css selector\",\"selector\":\".alert-success\"}\n  (Session info: chrome=119.0.6045.159); For documentation on this error, please visit: https://www.selenium.dev/documentation/webdriver/troubleshooting/errors#no-such-element-exception\nStacktrace:\n#0 0x562d372e35e3 <unknown>\n#1 0x562d36fa60b7 <unknown>\n#2 0x562d36ff3f53 <unknown>\n#3 0x562d36ff4051 <unknown>\n#4 0x562d370399c4 <unknown>\n#5 0x562d3701af1d <unknown>\n#6 0x562d37036b3d <unknown>\n#7 0x562d3701acc3 <unknown>\n#8 0x562d36fe60e4 <unknown>\n#9 0x562d36fe70ae <unknown>\n#10 0x562d372a9ce1 <unknown>\n#11 0x562d372adb7e <unknown>\n#12 0x562d372974b5 <unknown>\n#13 0x562d372ae7d6 <unknown>\n#14 0x562d3727adbf <unknown>\n#15 0x562d372d1748 <unknown>\n#16 0x562d372d1917 <unknown>\n#17 0x562d372e2773 <unknown>\n#18 0x7f8e290e4ac3 <unknown>","time":{"start":1700826064793,"stop":1700826073567,"duration":8774}},{"uid":"2263b9752d7cbd79","status":"broken","statusDetails":"selenium.common.exceptions.NoSuchElementException: Message: no such element: Unable to locate element: {\"method\":\"css selector\",\"selector\":\".alert-success\"}\n  (Session info: chrome=119.0.6045.159); For documentation on this error, please visit: https://www.selenium.dev/documentation/webdriver/troubleshooting/errors#no-such-element-exception\nStacktrace:\n#0 0x563c1b6ac5e3 <unknown>\n#1 0x563c1b36f0b7 <unknown>\n#2 0x563c1b3bcf53 <unknown>\n#3 0x563c1b3bd051 <unknown>\n#4 0x563c1b4029c4 <unknown>\n#5 0x563c1b3e3f1d <unknown>\n#6 0x563c1b3ffb3d <unknown>\n#7 0x563c1b3e3cc3 <unknown>\n#8 0x563c1b3af0e4 <unknown>\n#9 0x563c1b3b00ae <unknown>\n#10 0x563c1b672ce1 <unknown>\n#11 0x563c1b676b7e <unknown>\n#12 0x563c1b6604b5 <unknown>\n#13 0x563c1b6777d6 <unknown>\n#14 0x563c1b643dbf <unknown>\n#15 0x563c1b69a748 <unknown>\n#16 0x563c1b69a917 <unknown>\n#17 0x563c1b6ab773 <unknown>\n#18 0x7ff76085cac3 <unknown>","time":{"start":1700825801386,"stop":1700825810314,"duration":8928}},{"uid":"4576b662a6025470","status":"broken","statusDetails":"NameError: name 'json' is not defined","time":{"start":1700825704725,"stop":1700825704725,"duration":0}},{"uid":"358b83c1e4b757e0","status":"broken","statusDetails":"AttributeError: 'function' object has no attribute 'session_id'","time":{"start":1700825624970,"stop":1700825624970,"duration":0}}],"categories":[{"name":"Product defects","matchedStatuses":[],"flaky":false}],"tags":[]},"source":"836e5feab722388c.json","parameterValues":[]}